<?xml version="1.0" encoding="UTF-8"?>
<!-- Generated by org.testng.reporters.JUnitReportReporter -->
<testsuite hostname="kemas" failures="0" tests="1" name="sample.Button_Example" time="9.900" errors="0" timestamp="2022-01-30T19:55:36 IST" skipped="0">
  <testcase classname="sample.Button_Example" name="testButton_Example" time="9.900"/>
  <system-out/>
</testsuite> <!-- sample.Button_Example -->
