<?xml version="1.0" encoding="UTF-8"?>
<!-- Generated by org.testng.reporters.JUnitReportReporter -->
<testsuite hostname="kemas" failures="0" tests="1" name="sample.Navigate_example" time="9.883" errors="0" timestamp="2022-01-30T18:11:16 IST" skipped="0">
  <testcase classname="sample.Navigate_example" name="testNavigate_example" time="9.883"/>
  <system-out/>
</testsuite> <!-- sample.Navigate_example -->
