<?xml version="1.0" encoding="UTF-8"?>
<!-- Generated by org.testng.reporters.JUnitReportReporter -->
<testsuite hostname="kemas" failures="0" tests="1" name="sample.TAF_page" time="4.714" errors="0" timestamp="2022-02-02T15:34:32 IST" skipped="0">
  <testcase classname="sample.TAF_page" name="testTAF_page" time="4.714"/>
  <system-out/>
</testsuite> <!-- sample.TAF_page -->
