<?xml version="1.0" encoding="UTF-8"?>
<!-- Generated by org.testng.reporters.JUnitReportReporter -->
<testsuite hostname="kemas" failures="0" tests="1" name="sample.TAF_navigatetoarticles" time="18.693" errors="0" timestamp="2022-01-31T17:20:37 IST" skipped="0">
  <testcase classname="sample.TAF_navigatetoarticles" name="testTAF_navigatetoarticles" time="18.693"/>
  <system-out/>
</testsuite> <!-- sample.TAF_navigatetoarticles -->
