<?xml version="1.0" encoding="UTF-8"?>
<!-- Generated by org.testng.reporters.JUnitReportReporter -->
<testsuite hostname="kemas" failures="0" tests="1" name="sample.TAF_loginvalid" time="9.726" errors="0" timestamp="2022-02-01T08:02:06 IST" skipped="0">
  <testcase classname="sample.TAF_loginvalid" name="testTAF_loginvalid" time="9.726"/>
  <system-out/>
</testsuite> <!-- sample.TAF_loginvalid -->
