<?xml version="1.0" encoding="UTF-8"?>
<!-- Generated by org.testng.reporters.JUnitReportReporter -->
<testsuite hostname="kemas" failures="0" tests="1" name="sample.Chrome_Example" time="3.749" errors="0" timestamp="2022-02-22T19:57:02 IST" skipped="0">
  <testcase classname="sample.Chrome_Example" name="testChrome_Example" time="3.749"/>
  <system-out/>
</testsuite> <!-- sample.Chrome_Example -->
