<?xml version="1.0" encoding="UTF-8"?>
<!-- Generated by org.testng.reporters.JUnitReportReporter -->
<testsuite hostname="kemas" failures="0" tests="1" name="sample.GetAttribute_Example" time="5.215" errors="0" timestamp="2021-12-06T15:01:23 IST" skipped="0">
  <testcase classname="sample.GetAttribute_Example" name="testGetAttribute_Example" time="5.215"/>
  <system-out/>
</testsuite> <!-- sample.GetAttribute_Example -->
