<?xml version="1.0" encoding="UTF-8"?>
<!-- Generated by org.testng.reporters.JUnitReportReporter -->
<testsuite hostname="kemas" failures="0" tests="1" name="sample.Frames_Example" time="11.654" errors="0" timestamp="2021-12-07T12:23:10 IST" skipped="0">
  <testcase classname="sample.Frames_Example" name="testFrames_Example" time="11.654"/>
  <system-out/>
</testsuite> <!-- sample.Frames_Example -->
