<?xml version="1.0" encoding="UTF-8"?>
<!-- Generated by org.testng.reporters.JUnitReportReporter -->
<testsuite hostname="kemas" failures="0" tests="1" name="sample.Frame_example" time="10.542" errors="0" timestamp="2021-12-09T19:57:09 IST" skipped="0">
  <testcase classname="sample.Frame_example" name="testFrames_Example" time="10.542"/>
  <system-out/>
</testsuite> <!-- sample.Frame_example -->
