<?xml version="1.0" encoding="UTF-8"?>
<!-- Generated by org.testng.reporters.JUnitReportReporter -->
<testsuite hostname="kemas" failures="0" tests="1" name="sample.TAF_articlesearch" time="6.588" errors="0" timestamp="2022-02-01T08:07:25 IST" skipped="0">
  <testcase classname="sample.TAF_articlesearch" name="testTAF_articlesearch" time="6.588"/>
  <system-out/>
</testsuite> <!-- sample.TAF_articlesearch -->
