<?xml version="1.0" encoding="UTF-8"?>
<!-- Generated by org.testng.reporters.JUnitReportReporter -->
<testsuite hostname="kemas" failures="0" tests="1" name="sample.Keys_Example" time="16.266" errors="0" timestamp="2021-12-08T11:50:01 IST" skipped="0">
  <testcase classname="sample.Keys_Example" name="testKeys_Example" time="16.266"/>
  <system-out/>
</testsuite> <!-- sample.Keys_Example -->
