<?xml version="1.0" encoding="UTF-8"?>
<!-- Generated by org.testng.reporters.JUnitReportReporter -->
<testsuite hostname="kemas" failures="0" tests="1" name="sample.TAF_logininvalid" time="7.316" errors="0" timestamp="2022-02-01T08:05:08 IST" skipped="0">
  <testcase classname="sample.TAF_logininvalid" name="testTAF_loginvalid" time="7.316"/>
  <system-out/>
</testsuite> <!-- sample.TAF_logininvalid -->
