<?xml version="1.0" encoding="UTF-8"?>
<!-- Generated by org.testng.reporters.JUnitReportReporter -->
<testsuite hostname="kemas" failures="0" tests="1" name="sample.Dropdown_Example2" time="5.743" errors="0" timestamp="2022-03-16T15:15:35 IST" skipped="0">
  <testcase classname="sample.Dropdown_Example2" name="testDropdown_Example2" time="5.743"/>
  <system-out/>
</testsuite> <!-- sample.Dropdown_Example2 -->
