<?xml version="1.0" encoding="UTF-8"?>
<!-- Generated by org.testng.reporters.JUnitReportReporter -->
<testsuite hostname="kemas" failures="0" tests="1" name="sample.MouseHover_Example" time="8.454" errors="0" timestamp="2022-01-30T19:25:52 IST" skipped="0">
  <testcase classname="sample.MouseHover_Example" name="testMouseHover_Example" time="8.454"/>
  <system-out/>
</testsuite> <!-- sample.MouseHover_Example -->
