<?xml version="1.0" encoding="UTF-8"?>
<!-- Generated by org.testng.reporters.JUnitReportReporter -->
<testsuite hostname="kemas" failures="0" tests="1" name="sample.FindElements_Example" time="5.130" errors="0" timestamp="2022-01-30T18:09:28 IST" skipped="0">
  <testcase classname="sample.FindElements_Example" name="testFindElements_Example" time="5.130"/>
  <system-out/>
</testsuite> <!-- sample.FindElements_Example -->
