<?xml version="1.0" encoding="UTF-8"?>
<!-- Generated by org.testng.reporters.JUnitReportReporter -->
<testsuite hostname="kemas" failures="0" tests="1" name="sample.Get_Commands" time="5.406" errors="0" timestamp="2021-12-06T15:16:05 IST" skipped="0">
  <testcase classname="sample.Get_Commands" name="testGet_Commands" time="5.406"/>
  <system-out/>
</testsuite> <!-- sample.Get_Commands -->
