<?xml version="1.0" encoding="UTF-8"?>
<!-- Generated by org.testng.reporters.JUnitReportReporter -->
<testsuite hostname="kemas" failures="0" tests="1" name="sample.Edge_Example" time="5.945" errors="0" timestamp="2021-11-28T04:48:43 IST" skipped="0">
  <testcase classname="sample.Edge_Example" name="testEdge_Example" time="5.945"/>
  <system-out/>
</testsuite> <!-- sample.Edge_Example -->
