<?xml version="1.0" encoding="UTF-8"?>
<!-- Generated by org.testng.reporters.JUnitReportReporter -->
<testsuite hostname="kemas" failures="0" tests="1" name="sample.Dropdown_Example2" time="8.600" errors="0" timestamp="2021-11-28T11:03:48 IST" skipped="0">
  <testcase classname="sample.Dropdown_Example2" name="testDropdown_Example2" time="8.600"/>
  <system-out/>
</testsuite> <!-- sample.Dropdown_Example2 -->
