<?xml version="1.0" encoding="UTF-8"?>
<!-- Generated by org.testng.reporters.JUnitReportReporter -->
<testsuite hostname="kemas" failures="0" tests="1" name="sample.TAF_showcaseseries" time="13.763" errors="0" timestamp="2022-01-30T19:40:26 IST" skipped="0">
  <testcase classname="sample.TAF_showcaseseries" name="testTAF_showcaseseries" time="13.763"/>
  <system-out/>
</testsuite> <!-- sample.TAF_showcaseseries -->
