<?xml version="1.0" encoding="UTF-8"?>
<!-- Generated by org.testng.reporters.JUnitReportReporter -->
<testsuite hostname="kemas" failures="0" tests="1" name="sample.Explicitwait_Example" time="11.139" errors="0" timestamp="2021-12-07T12:42:13 IST" skipped="0">
  <testcase classname="sample.Explicitwait_Example" name="testExplicitwait_Example" time="11.139"/>
  <system-out/>
</testsuite> <!-- sample.Explicitwait_Example -->
