<?xml version="1.0" encoding="UTF-8"?>
<!-- Generated by org.testng.reporters.JUnitReportReporter -->
<testsuite hostname="kemas" failures="0" tests="1" name="sample.TAF_loginvalid" time="10.129" errors="0" timestamp="2022-03-08T20:33:23 IST" skipped="0">
  <testcase classname="sample.TAF_loginvalid" name="testTAF_loginvalid" time="10.129"/>
  <system-out/>
</testsuite> <!-- sample.TAF_loginvalid -->
