<?xml version="1.0" encoding="UTF-8"?>
<!-- Generated by org.testng.reporters.JUnitReportReporter -->
<testsuite hostname="kemas" failures="0" tests="1" name="sample.TAF_navigatetoabout" time="12.882" errors="0" timestamp="2022-01-30T19:32:11 IST" skipped="0">
  <testcase classname="sample.TAF_navigatetoabout" name="testTAF_navigatetoabout" time="12.882"/>
  <system-out/>
</testsuite> <!-- sample.TAF_navigatetoabout -->
