<?xml version="1.0" encoding="UTF-8"?>
<!-- Generated by org.testng.reporters.JUnitReportReporter -->
<testsuite hostname="kemas" failures="0" tests="1" name="sample.TAF_navigatetohome" time="18.168" errors="0" timestamp="2022-01-31T17:19:49 IST" skipped="0">
  <testcase classname="sample.TAF_navigatetohome" name="testTAF_navigatetohome" time="18.168"/>
  <system-out/>
</testsuite> <!-- sample.TAF_navigatetohome -->
