<?xml version="1.0" encoding="UTF-8"?>
<!-- Generated by org.testng.reporters.JUnitReportReporter -->
<testsuite hostname="kemas" failures="0" tests="1" name="sample.TextBox_Example" time="6.612" errors="0" timestamp="2021-11-28T09:01:29 IST" skipped="0">
  <testcase classname="sample.TextBox_Example" name="testTextBox_Example" time="6.612"/>
  <system-out/>
</testsuite> <!-- sample.TextBox_Example -->
