<?xml version="1.0" encoding="UTF-8"?>
<!-- Generated by org.testng.reporters.JUnitReportReporter -->
<testsuite hostname="kemas" failures="0" tests="1" name="sample.Link_Example" time="6.240" errors="0" timestamp="2021-11-28T10:31:28 IST" skipped="0">
  <testcase classname="sample.Link_Example" name="testLink_Example" time="6.240"/>
  <system-out/>
</testsuite> <!-- sample.Link_Example -->
