<?xml version="1.0" encoding="UTF-8"?>
<!-- Generated by org.testng.reporters.JUnitReportReporter -->
<testsuite hostname="kemas" failures="0" tests="1" name="sample.TAF_showcasesearch" time="10.397" errors="0" timestamp="2022-02-02T12:17:08 IST" skipped="0">
  <testcase classname="sample.TAF_showcasesearch" name="testTAF_showcasesearch" time="10.397"/>
  <system-out/>
</testsuite> <!-- sample.TAF_showcasesearch -->
