<?xml version="1.0" encoding="UTF-8"?>
<!-- Generated by org.testng.reporters.JUnitReportReporter -->
<testsuite hostname="kemas" failures="0" tests="1" name="sample.TAF_ArticleAuthoring" time="12.734" errors="0" timestamp="2022-02-07T19:47:22 IST" skipped="0">
  <testcase classname="sample.TAF_ArticleAuthoring" name="testlogin_valid" time="12.734"/>
  <system-out/>
</testsuite> <!-- sample.TAF_ArticleAuthoring -->
